<?xml version="1.0" encoding="UTF-8"?>
<!-- Generated by org.testng.reporters.JUnitXMLReporter -->
<testsuite hostname="langpf11" name="Test" tests="4" failures="0" timestamp="30 Aug 2013 06:43:13 GMT" time="0.031" errors="0">
  <testcase name="son1Test" time="0.0" classname="org.test.Son1Test"/>
  <testcase name="son1Test2" time="0.0" classname="org.test.Son1Test"/>
  <testcase name="son2Test" time="0.0" classname="org.test.Son2Test"/>
  <testcase name="son2Test2" time="0.0" classname="org.test.Son2Test"/>
</testsuite> <!-- Test -->
